2025-04-23 10:40:57,059 - stock_prediction_Close - INFO - Logging initialized for Close prediction
2025-04-23 10:40:57,060 - stock_prediction_Close - INFO - Starting prediction process with configuration:
2025-04-23 10:40:57,061 - stock_prediction_Close - INFO - Target feature: Close, Days: 30
2025-04-23 10:40:57,061 - stock_prediction_Close - INFO - Model path: .\results\close\2025-04-23_08-53-39\models\2025-04-23_08-53-39_lstm_close_30.keras
2025-04-23 10:40:57,061 - stock_prediction_Close - INFO - Loading model from .\results\close\2025-04-23_08-53-39\models\2025-04-23_08-53-39_lstm_close_30.keras...
2025-04-23 10:40:57,251 - stock_prediction_Close - INFO - Model loaded successfully
2025-04-23 10:40:57,252 - stock_prediction_Close - INFO - Loading dataset...
2025-04-23 10:40:57,313 - stock_prediction_Close - INFO - Dataset loaded with shape: (24442, 5)
2025-04-23 10:40:57,315 - stock_prediction_Close - INFO - Zero values per column: {'Close': 0, 'High': 0, 'Low': 0, 'Open': 5075, 'Volume': 5496}
2025-04-23 10:40:57,316 - stock_prediction_Close - INFO - Original data shape: (24442, 5)
2025-04-23 10:40:57,317 - stock_prediction_Close - INFO - Zero values per column: {'Close': 0, 'High': 0, 'Low': 0, 'Open': 5075, 'Volume': 5496}
2025-04-23 10:40:57,322 - stock_prediction_Close - INFO - Data shape after removing zeros: (13871, 5)
2025-04-23 10:40:57,323 - stock_prediction_Close - INFO - Remaining zero values: {'Close': 0, 'High': 0, 'Low': 0, 'Open': 0, 'Volume': 0}
2025-04-23 10:40:57,324 - stock_prediction_Close - INFO - Input features: ['Open', 'Close', 'Volume', 'High', 'Low']
2025-04-23 10:40:57,324 - stock_prediction_Close - INFO - Target feature: ['Close']
2025-04-23 10:40:57,325 - stock_prediction_Close - INFO - Input shape: (13871, 5), Target shape: (13871, 1)
2025-04-23 10:40:57,328 - stock_prediction_Close - INFO - Normalization parameters loaded from C:\Users\simon\Desktop\Programming\stock-prediction\results\close\2025-04-23_08-53-39\models
2025-04-23 10:40:57,328 - stock_prediction_Close - INFO - Using saved normalization scalers
2025-04-23 10:40:57,345 - stock_prediction_Close - INFO - Data normalized:
                Open         Close        Volume          High           Low
count  13871.000000  13871.000000  13871.000000  13871.000000  13871.000000
mean       0.184843      0.184588      0.142721      0.185535      0.184386
std        0.212566      0.212254      0.165850      0.213271      0.212121
min        0.000000      0.000000      0.000000      0.000000      0.000000
25%        0.023884      0.023852      0.007386      0.023968      0.023884
50%        0.134278      0.134135      0.047442      0.135758      0.132936
75%        0.231530      0.231183      0.294605      0.232425      0.230996
max        1.000000      1.000000      1.000000      1.000000      1.000000
2025-04-23 10:40:57,346 - stock_prediction_Close - INFO - Preparing sequence data with shift 30
2025-04-23 10:40:57,591 - stock_prediction_Close - INFO - Sequence data shapes --> X: (13841, 30, 5), y: N/A
2025-04-23 10:40:57,592 - stock_prediction_Close - INFO - Making predictions...
2025-04-23 10:40:58,062 - stock_prediction_Close - INFO - Predictions shape: (60, 1)
2025-04-23 10:41:55,140 - stock_prediction_Close - INFO - Future predictions plot saved to C:\Users\simon\Desktop\Programming\stock-prediction\results\close\2025-04-23_08-53-39\predict\2025-04-23_10-40-57\plots\predictions_real.png
2025-04-23 10:41:55,145 - stock_prediction_Close - INFO - Predictions saved to C:\Users\simon\Desktop\Programming\stock-prediction\results\close\2025-04-23_08-53-39\predict\2025-04-23_10-40-57\predictions_real.csv
