2025-04-23 08:53:39,975 - stock_prediction_Close - INFO - Logging initialized for Close training
2025-04-23 08:53:39,976 - stock_prediction_Close - INFO - Starting model training with configuration:
2025-04-23 08:53:39,976 - stock_prediction_Close - INFO - Features: ['Open', 'Close', 'Volume', 'High', 'Low'], Target: Close, Days: 30
2025-04-23 08:53:39,976 - stock_prediction_Close - INFO - Loading dataset...
2025-04-23 08:53:40,084 - stock_prediction_Close - INFO - Dataset loaded with shape: (24442, 5)
2025-04-23 08:53:40,085 - stock_prediction_Close - INFO - Zero values per column: {'Close': 0, 'High': 0, 'Low': 0, 'Open': 5075, 'Volume': 5496}
2025-04-23 08:53:40,104 - stock_prediction_Close - INFO - Original data shape: (24442, 5)
2025-04-23 08:53:40,106 - stock_prediction_Close - INFO - Zero values per column: {'Close': 0, 'High': 0, 'Low': 0, 'Open': 5075, 'Volume': 5496}
2025-04-23 08:53:40,113 - stock_prediction_Close - INFO - Data shape after removing zeros: (13871, 5)
2025-04-23 08:53:40,115 - stock_prediction_Close - INFO - Remaining zero values: {'Close': 0, 'High': 0, 'Low': 0, 'Open': 0, 'Volume': 0}
2025-04-23 08:53:40,130 - stock_prediction_Close - INFO - Input features: ['Open', 'Close', 'Volume', 'High', 'Low']
2025-04-23 08:53:40,131 - stock_prediction_Close - INFO - Target feature: ['Close']
2025-04-23 08:53:40,132 - stock_prediction_Close - INFO - Input shape: (13871, 5), Target shape: (13871, 1)
2025-04-23 08:53:40,169 - stock_prediction_Close - INFO - Preparing sequence data with shift 30
2025-04-23 08:53:41,226 - stock_prediction_Close - INFO - Sequence data shapes --> X: (13811, 30, 5), y: (13811, 1)
2025-04-23 08:53:41,275 - stock_prediction_Close - INFO - Train-test split - X_train: (12429, 30, 5), y_train: (12429, 1), X_test: (1380, 30, 5), y_test: (1380, 1)
2025-04-23 08:53:41,331 - stock_prediction_Close - INFO - Building model with LSTM units: 256, Dense units: 128
2025-04-23 08:53:41,444 - stock_prediction_Close - INFO - Using Adam optimizer with learning rate: 0.001
2025-04-23 08:53:41,455 - stock_prediction_Close - INFO - Model: "sequential"
┏━━━━━━━━━━━━━━━━━━━━━━━━━━━━━━━━━━━━━━┳━━━━━━━━━━━━━━━━━━━━━━━━━━━━━┳━━━━━━━━━━━━━━━━━┓
┃ Layer (type)                         ┃ Output Shape                ┃         Param # ┃
┡━━━━━━━━━━━━━━━━━━━━━━━━━━━━━━━━━━━━━━╇━━━━━━━━━━━━━━━━━━━━━━━━━━━━━╇━━━━━━━━━━━━━━━━━┩
│ lstm (LSTM)                          │ (None, 256)                 │         268,288 │
├──────────────────────────────────────┼─────────────────────────────┼─────────────────┤
│ dropout (Dropout)                    │ (None, 256)                 │               0 │
├──────────────────────────────────────┼─────────────────────────────┼─────────────────┤
│ dense (Dense)                        │ (None, 128)                 │          32,896 │
├──────────────────────────────────────┼─────────────────────────────┼─────────────────┤
│ dense_1 (Dense)                      │ (None, 1)                   │             129 │
└──────────────────────────────────────┴─────────────────────────────┴─────────────────┘
 Total params: 301,313 (1.15 MB)
 Trainable params: 301,313 (1.15 MB)
 Non-trainable params: 0 (0.00 B)

2025-04-23 08:53:41,456 - stock_prediction_Close - INFO - Starting training for 200 epochs with batch size 32...
2025-04-23 10:12:34,618 - stock_prediction_Close - INFO - Training completed in 1:18:53.156231
2025-04-23 10:13:02,438 - stock_prediction_Close - INFO - Training history plot saved to results\close\2025-04-23_08-53-39\plots\training_history.png
2025-04-23 10:13:02,439 - stock_prediction_Close - INFO - Evaluating model on test data...
2025-04-23 10:13:03,931 - stock_prediction_Close - INFO - Predictions shape: (1350, 1)
2025-04-23 10:13:03,931 - stock_prediction_Close - INFO - Test shape: (1350, 1)
2025-04-23 10:14:37,642 - stock_prediction_Close - INFO - Predictions plot saved to results\close\2025-04-23_08-53-39\plots\training_predictions.png
2025-04-23 10:14:37,660 - stock_prediction_Close - INFO - Evaluation metrics:
2025-04-23 10:14:37,661 - stock_prediction_Close - INFO - Mean Absolute Error (MAE): 171.46
2025-04-23 10:14:37,661 - stock_prediction_Close - INFO - Mean Squared Error (MSE): 44607.46
2025-04-23 10:14:37,662 - stock_prediction_Close - INFO - Root Mean Squared Error (RMSE): 211.20
2025-04-23 10:14:37,662 - stock_prediction_Close - INFO - Mean Absolute Percentage Error (MAPE): 3.84 %
2025-04-23 10:14:37,826 - stock_prediction_Close - INFO - Model saved to results\close\2025-04-23_08-53-39\models\2025-04-23_08-53-39_lstm_close_30.keras
